android/app/build/outputs/mapping/release/seeds.txt
com.example.trackit.MainActivity
com.example.trackit.MainActivity: MainActivity()
...
kotlin.random.Random: Random()
io.flutter.plugins.firebase.firestore.GeneratedAndroidFirebaseFirestore$PigeonTransactionResult: io.flutter.plugins.firebase.firestore.GeneratedAndroidFirebaseFirestore$PigeonTransactionResult[] values()
androidx.appcompat.widget.SwitchCompat: void setTrackTintList(android.content.res.ColorStateList)
kotlin.coroutines.intrinsics.CoroutineSingletons: kotlin.coroutines.intrinsics.CoroutineSingletons[] values()
androidx.core.widget.TextViewCompat$Api23Impl: void setCompoundDrawableTintMode(android.widget.TextView,android.graphics.PorterDuff$Mode)
io.flutter.plugin.editing.ImeSyncDeferringInsetsCallback: int access$200(io.flutter.plugin.editing.ImeSyncDeferringInsetsCallback)
io.flutter.embedding.android.TransparencyMode: io.flutter.embedding.android.TransparencyMode[] values()
androidx.appcompat.widget.SwitchCompat: void setChecked(boolean)
kotlinx.coroutines.android.AndroidExceptionPreHandler: AndroidExceptionPreHandler()
androidx.appcompat.widget.ActionBarContainer: void setVisibility(int)
androidx.lifecycle.EmptyActivityLifecycleCallbacks: void onActivityDestroyed(android.app.Activity)
io.grpc.okhttp.OkHttpFrameLogger$SettingParams: io.grpc.okhttp.OkHttpFrameLogger$SettingParams[] values()
com.google.common.util.concurrent.DirectExecutor: com.google.common.util.concurrent.DirectExecutor[] values()
com.google.firebase.installations.remote.TokenResult$ResponseCode: com.google.firebase.installations.remote.TokenResult$ResponseCode[] values()
androidx.core.view.accessibility.AccessibilityNodeInfoCompat$Api33Impl: androidx.core.view.accessibility.AccessibilityNodeInfoCompat$CollectionItemInfoCompat buildCollectionItemInfoCompat(boolean,int,int,int,int,boolean,java.lang.String,java.lang.String)
androidx.core.view.ViewCompat$Api20Impl: android.view.WindowInsets dispatchApplyWindowInsets(android.view.View,android.view.WindowInsets)
androidx.core.app.NotificationCompatBuilder$Api29Impl: android.app.Notification$Builder setAllowSystemGeneratedContextualActions(android.app.Notification$Builder,boolean)
androidx.core.view.MenuItemCompat$Api26Impl: int getNumericModifiers(android.view.MenuItem)
com.google.firestore.v1.DocumentTransform$FieldTransform$ServerValue: com.google.firestore.v1.DocumentTransform$FieldTransform$ServerValue[] values()
androidx.core.view.WindowInsetsCompat$Impl: androidx.core.view.WindowInsetsCompat consumeStableInsets()
io.flutter.plugin.editing.ImeSyncDeferringInsetsCallback$AnimationCallback: void onPrepare(android.view.WindowInsetsAnimation)
androidx.tracing.TraceApi29Impl: boolean isEnabled()
androidx.recyclerview.widget.RecyclerView: androidx.recyclerview.widget.RecyclerView$RecycledViewPool getRecycledViewPool()
androidx.profileinstaller.ProfileInstallerInitializer: ProfileInstallerInitializer()
androidx.core.view.ViewCompat$Api23Impl: int getScrollIndicators(android.view.View)
androidx.appcompat.widget.SwitchCompat: void setTextOn(java.lang.CharSequence)
com.google.android.gms.measurement.internal.AppMeasurementDynamiteService: void unregisterOnMeasurementEventListener(com.google.android.gms.internal.measurement.zzdj)
androidx.appcompat.widget.Toolbar: void setLogoDescription(java.lang.CharSequence)
androidx.media3.exoplayer.audio.AudioCapabilities$Api33: androidx.media3.exoplayer.audio.AudioCapabilities getCapabilitiesInternalForDirectPlayback(android.media.AudioManager,androidx.media3.common.AudioAttributes)
io.grpc.okhttp.OkHttpChannelBuilder$NegotiationType: io.grpc.okhttp.OkHttpChannelBuilder$NegotiationType[] values()
io.flutter.embedding.engine.FlutterJNI: void dispatchPointerDataPacket(java.nio.ByteBuffer,int)
androidx.appcompat.widget.AppCompatImageView: void setSupportBackgroundTintList(android.content.res.ColorStateList)
androidx.core.view.WindowInsetsCompat$BuilderImpl20: androidx.core.view.WindowInsetsCompat build()
androidx.core.view.WindowInsetsCompat$Impl: void copyWindowDataInto(androidx.core.view.WindowInsetsCompat)